<?xml version="1.0" encoding="UTF-8"?>
<!-- Generated by org.testng.reporters.JUnitXMLReporter -->
<testsuite ignored="1" hostname="DESKTOP-4L6TF0K" failures="0" tests="2" name="Default test" time="1.801" errors="0" timestamp="2025-09-13T22:30:24 EET">
  <testcase classname="Swaglab.randomitems" name="loginnormaluser" time="0.364"/>
  <testcase classname="Swaglab.randomitems" name="threerandom" time="0.25"/>
  <testcase classname="Swaglab.randomitems" name="randomitems" time="0.0">
    <ignored/>
  </testcase> <!-- randomitems -->
</testsuite> <!-- Default test -->
