<?xml version="1.0" encoding="UTF-8"?>
<testng-results ignored="1" total="3" passed="2" failed="0" skipped="0">
  <reporter-output>
  </reporter-output>
  <suite started-at="2025-09-13T22:30:22 EET" name="Default suite" finished-at="2025-09-13T22:30:24 EET" duration-ms="1801">
    <groups>
    </groups>
    <test started-at="2025-09-13T22:30:22 EET" name="Default test" finished-at="2025-09-13T22:30:24 EET" duration-ms="1801">
      <class name="Swaglab.randomitems">
        <test-method is-config="true" signature="geturl()[pri:0, instance:Swaglab.randomitems@13518f37]" started-at="2025-09-13T22:30:22 EET" name="geturl" finished-at="2025-09-13T22:30:23 EET" duration-ms="1136" status="PASS">
          <reporter-output>
          </reporter-output>
        </test-method> <!-- geturl -->
        <test-method signature="loginnormaluser()[pri:1, instance:Swaglab.randomitems@13518f37]" started-at="2025-09-13T22:30:23 EET" name="loginnormaluser" finished-at="2025-09-13T22:30:24 EET" duration-ms="364" status="PASS">
          <reporter-output>
          </reporter-output>
        </test-method> <!-- loginnormaluser -->
        <test-method signature="threerandom()[pri:2, instance:Swaglab.randomitems@13518f37]" started-at="2025-09-13T22:30:24 EET" name="threerandom" finished-at="2025-09-13T22:30:24 EET" duration-ms="250" status="PASS">
          <reporter-output>
          </reporter-output>
        </test-method> <!-- threerandom -->
      </class> <!-- Swaglab.randomitems -->
    </test> <!-- Default test -->
  </suite> <!-- Default suite -->
</testng-results>
